<?xml version="1.0" encoding="UTF-8" ?>
<testsuite errors="0" failures="0" hostname="Robin-PC" name="de.gt.export.JSONExportTest" skipped="0" tests="1" time="0.094" timestamp="2015-04-28T07:15:24">
  <properties>
    <property name="ant.file.type.de.gt.export" value="file" />
    <property name="libs.jsp-compiler.javadoc" value="" />
    <property name="netbeans.autoupdate.country" value="DE" />
    <property name="release.dir" value="C:\Users\Robin\Documents\NetBeansProjects\cansat-groundstation\Export\release" />
    <property name="branding.token" value="cansat_groundstation" />
    <property name="nbm.module.author" value="" />
    <property name="libs.jsf20.maven-pom" value="" />
    <property name="libs.DataBindingME.src" value="C:\Program Files\NetBeans 8.0.2\mobility\sources\netbeans_databindingme-src.zip" />
    <property name="libs.junit.javadoc" value="C:\Program Files\NetBeans 8.0.2\java\docs\junit-3.8.2-api.zip" />
    <property name="libs.spring-webmvc4.0.src" value="" />
    <property name="ant.core.lib" value="C:\Users\Robin\AppData\Roaming\NetBeans\8.0.2\ant\lib\ant.jar" />
    <property name="build.compiler.debug" value="true" />
    <property name="libs.jsp-compilation.javadoc" value="" />
    <property name="user.dir" value="C:\Program Files\NetBeans 8.0.2" />
    <property name="libs.javaee-api-7.0.src" value="" />
    <property name="java.vm.version" value="25.25-b02" />
    <property name="libs.DataBindingME.classpath" value="C:\Program Files\NetBeans 8.0.2\mobility\modules\ext\netbeans_databindingme.jar" />
    <property name="libs.j2me_common_ant.src" value="" />
    <property name="libs.MySQLDriver.classpath" value="C:\Program Files\NetBeans 8.0.2\ide\modules\ext\mysql-connector-java-5.1.23-bin.jar" />
    <property name="build.test.qa-functional.dir" value="C:\Users\Robin\Documents\NetBeansProjects\cansat-groundstation\Export\build\test\qa-functional" />
    <property name="libs.eclipselinkmodelgen.src" value="" />
    <property name="netbeans.autoupdate.version" value="1.23" />
    <property name="libs.EclipseLink-GlassFish-v3.classpath" value="C:\Program Files\glassfish-4.1\glassfish\modules\org.eclipse.persistence.antlr.jar;C:\Program Files\glassfish-4.1\glassfish\modules\org.eclipse.persistence.asm.jar;C:\Program Files\glassfish-4.1\glassfish\modules\org.eclipse.persistence.core.jar;C:\Program Files\glassfish-4.1\glassfish\modules\org.eclipse.persistence.dbws.jar;C:\Program Files\glassfish-4.1\glassfish\modules\org.eclipse.persistence.jpa.jar;C:\Program Files\glassfish-4.1\glassfish\modules\org.eclipse.persistence.jpa.jpql.jar;C:\Program Files\glassfish-4.1\glassfish\modules\org.eclipse.persistence.jpa.modelgen.processor.jar;C:\Program Files\glassfish-4.1\glassfish\modules\org.eclipse.persistence.moxy.jar;C:\Program Files\glassfish-4.1\glassfish\modules\org.eclipse.persistence.oracle.jar;C:\Program Files\glassfish-4.1\glassfish\modules\javax.persistence.jar" />
    <property name="libs.javaee-web-api-6.0.classpath" value="C:\Program Files\NetBeans 8.0.2\enterprise\modules\ext\javaee-web-api-6.0.jar" />
    <property name="build.package.index" value="false" />
    <property name="libs.DataBindingME-PIM.maven-pom" value="" />
    <property name="retouche.javac.api" value="" />
    <property name="libs.Java-EE-GlassFish-v3-Prelude.javadoc" value="C:\Program Files\NetBeans 8.0.2\enterprise\docs\javaee-doc-api.jar" />
    <property name="jdk.home" value="C:\Program Files\Java\jdk1.8.0_25" />
    <property name="nbm" value="de-gt-export.nbm" />
    <property name="libs.javac-api.src" value="" />
    <property name="module.javadoc.packages" value="de.gt.export" />
    <property name="javahelp.search" value="JavaHelpSearch" />
    <property name="libs.jpa2-persistence.classpath" value="C:\Program Files\NetBeans 8.0.2\java\modules\ext\hibernate4\hibernate-jpa-2.1-api-1.0.0.Final.jar" />
    <property name="sun.os.patch.level" value="Service Pack 1" />
    <property name="libs.Java-EE-GlassFish-v3-Prelude.src" value="" />
    <property name="java.vm.specification.name" value="Java Virtual Machine Specification" />
    <property name="nb.show.statistics.ui" value="usageStatisticsEnabled" />
    <property name="netbeans.autoupdate.variant" value="" />
    <property name="cluster.path.basedir" value="C:\Users\Robin\Documents\NetBeansProjects\cansat-groundstation\Export/.." />
    <property name="org.xml.sax.driver" value="com.sun.org.apache.xerces.internal.jaxp.SAXParserImpl$JAXPSAXParser" />
    <property name="test.unit.dir" value="C:\Users\Robin\Documents\NetBeansProjects\cansat-groundstation\Export\test\unit" />
    <property name="run.args.ide" value="" />
    <property name="libs.javac-api.javadoc" value="" />
    <property name="os.name" value="Windows 7" />
    <property name="public.packages" value="de.gt.export.*" />
    <property name="module.files.toString" value="patternSet{ includes: [modules\ext\opencsv-2.1-1.0.0-sources.jar, modules\ext\opencsv-2.1-1.0.0.jar, modules\ext\sqlite-jdbc-3.8.7.jar, modules/de-gt-export.jar, modules/docs/de-gt-export.jar:if-&gt;has.javahelp, config/Modules/de-gt-export.xml, config/ModuleAutoDeps/de-gt-export.xml:if-&gt;has.module.auto.deps, ant/nblib/de-gt-export.jar] excludes: [] }" />
    <property name="libs.beans-binding.classpath" value="C:\Program Files\NetBeans 8.0.2\java\modules\ext\beansbinding-1.2.1.jar" />
    <property name="libs.javaee-endorsed-api-7.0.maven-pom" value="" />
    <property name="test.unit.src.dir" value="C:\Users\Robin\Documents\NetBeansProjects\cansat-groundstation\Export\test\unit\src" />
    <property name="libs.DataBindingME-SVG.javadoc" value="C:\Program Files\NetBeans 8.0.2\mobility\modules\docs\netbeans_databindingme_svg-api.zip" />
    <property name="libs.restapi.javadoc" value="" />
    <property name="libs.JWSAntTasks.maven-pom" value="" />
    <property name="libs.jstl.classpath" value="C:\Program Files\NetBeans 8.0.2\enterprise\modules\ext\jstl-impl.jar;C:\Program Files\NetBeans 8.0.2\enterprise\modules\ext\jstl-api.jar" />
    <property name="libs.testng.src" value="" />
    <property name="libs.spring-webmvc3.0.src" value="" />
    <property name="libs.restapi.classpath" value="C:\Program Files\NetBeans 8.0.2\enterprise\modules\ext\jaxrs-2.0\javax.ws.rs-api-2.0.jar" />
    <property name="java.vendor.url.bug" value="http://bugreport.sun.com/bugreport/" />
    <property name="buildnumber" value="150428" />
    <property name="nbplatform.active" value="default" />
    <property name="nbjdk.active" value="default" />
    <property name="libs.jaxb.maven-pom" value="" />
    <property name="extra.module.files" value="" />
    <property name="continue.after.failing.tests" value="true" />
    <property name="os.arch" value="amd64" />
    <property name="libs.eclipselink.src" value="" />
    <property name="user.name" value="Robin" />
    <property name="libs.jsf12.javadoc" value="C:\Program Files\NetBeans 8.0.2\enterprise\docs\javaee-doc-api.jar" />
    <property name="libs.Comet-GlassFish-v3.javadoc" value="" />
    <property name="libs.j2me_common_ant.maven-pom" value="" />
    <property name="libs.spring-webmvc3.0.maven-pom" value="" />
    <property name="libs.swing-layout.maven-pom" value="" />
    <property name="sun.java.command" value="org.apache.tools.ant.taskdefs.optional.junit.JUnitTestRunner de.gt.export.JSONExportTest skipNonTests=false filtertrace=true haltOnError=false haltOnFailure=false showoutput=true outputtoformatters=true logfailedtests=true threadid=0 logtestlistenerevents=true formatter=org.apache.tools.ant.taskdefs.optional.junit.BriefJUnitResultFormatter formatter=org.apache.tools.ant.taskdefs.optional.junit.XMLJUnitResultFormatter,C:\Users\Robin\Documents\NetBeansProjects\cansat-groundstation\Export\build\test\unit\results\TEST-de.gt.export.JSONExportTest.xml crashfile=C:\Users\Robin\Documents\NetBeansProjects\cansat-groundstation\Export\build\test\unit\results\junitvmwatcher8571013427125084932.properties propsfile=C:\Users\Robin\Documents\NetBeansProjects\cansat-groundstation\Export\build\test\unit\results\junit4357178733504762517.properties" />
    <property name="build.classes.dir" value="C:\Users\Robin\Documents\NetBeansProjects\cansat-groundstation\Export\build\classes" />
    <property name="netbeans.accept_license_class" value="org.netbeans.license.AcceptLicense" />
    <property name="build.sysclasspath" value="ignore" />
    <property name="is.test.suite" value="" />
    <property name="module.startlevel" value="" />
    <property name="libs.javaee-endorsed-api-7.0.javadoc" value="C:\Program Files\NetBeans 8.0.2\enterprise\docs\javaee-doc-api.jar" />
    <property name="libs.jaxws21.javadoc" value="C:\Program Files\NetBeans 8.0.2\java\docs\jaxws-api-doc.zip" />
    <property name="test.run.args" value="-ea" />
    <property name="libs.spring-webmvc4.0.javadoc" value="" />
    <property name="ant.file.type.de.gt.export-impl" value="file" />
    <property name="module.processor.classpath" value="C:\Users\Robin\Documents\NetBeansProjects\cansat-groundstation\build\cluster\modules\org-json.jar:C:\Users\Robin\Documents\NetBeansProjects\cansat-groundstation\JSON\release\modules\ext\json-20141113.jar" />
    <property name="user.country" value="DE" />
    <property name="check.module.startlevel" value="true" />
    <property name="libs.jsp-compilation-syscp.src" value="" />
    <property name="libs.JAVADB_DRIVER_LABEL.src" value="" />
    <property name="ant.file.type.harness" value="file" />
    <property name="libs.spring-framework400.classpath" value="C:\Program Files\NetBeans 8.0.2\ide\modules\org-apache-commons-logging.jar;C:\Program Files\NetBeans 8.0.2\java\modules\ext\cglib-2.2.jar;C:\Program Files\NetBeans 8.0.2\java\modules\ext\spring-4\spring-aop-4.0.1.RELEASE.jar;C:\Program Files\NetBeans 8.0.2\java\modules\ext\spring-4\spring-aspects-4.0.1.RELEASE.jar;C:\Program Files\NetBeans 8.0.2\java\modules\ext\spring-4\spring-beans-4.0.1.RELEASE.jar;C:\Program Files\NetBeans 8.0.2\java\modules\ext\spring-4\spring-build-src-4.0.1.RELEASE.jar;C:\Program Files\NetBeans 8.0.2\java\modules\ext\spring-4\spring-context-4.0.1.RELEASE.jar;C:\Program Files\NetBeans 8.0.2\java\modules\ext\spring-4\spring-context-support-4.0.1.RELEASE.jar;C:\Program Files\NetBeans 8.0.2\java\modules\ext\spring-4\spring-core-4.0.1.RELEASE.jar;C:\Program Files\NetBeans 8.0.2\java\modules\ext\spring-4\spring-expression-4.0.1.RELEASE.jar;C:\Program Files\NetBeans 8.0.2\java\modules\ext\spring-4\spring-framework-bom-4.0.1.RELEASE.jar;C:\Program Files\NetBeans 8.0.2\java\modules\ext\spring-4\spring-instrument-4.0.1.RELEASE.jar;C:\Program Files\NetBeans 8.0.2\java\modules\ext\spring-4\spring-instrument-tomcat-4.0.1.RELEASE.jar;C:\Program Files\NetBeans 8.0.2\java\modules\ext\spring-4\spring-jdbc-4.0.1.RELEASE.jar;C:\Program Files\NetBeans 8.0.2\java\modules\ext\spring-4\spring-jms-4.0.1.RELEASE.jar;C:\Program Files\NetBeans 8.0.2\java\modules\ext\spring-4\spring-messaging-4.0.1.RELEASE.jar;C:\Program Files\NetBeans 8.0.2\java\modules\ext\spring-4\spring-orm-4.0.1.RELEASE.jar;C:\Program Files\NetBeans 8.0.2\java\modules\ext\spring-4\spring-oxm-4.0.1.RELEASE.jar;C:\Program Files\NetBeans 8.0.2\java\modules\ext\spring-4\spring-test-4.0.1.RELEASE.jar;C:\Program Files\NetBeans 8.0.2\java\modules\ext\spring-4\spring-tx-4.0.1.RELEASE.jar;C:\Program Files\NetBeans 8.0.2\java\modules\ext\spring-4\spring-web-4.0.1.RELEASE.jar;C:\Program Files\NetBeans 8.0.2\java\modules\ext\spring-4\spring-webmvc-4.0.1.RELEASE.jar;C:\Program Files\NetBeans 8.0.2\java\modules\ext\spring-4\spring-webmvc-portlet-4.0.1.RELEASE.jar;C:\Program Files\NetBeans 8.0.2\java\modules\ext\spring-4\spring-websocket-4.0.1.RELEASE.jar" />
    <property name="ant.file.jdk" value="C:\Program Files\NetBeans 8.0.2\harness\jdk.xml" />
    <property name="dtd.cp" value="C:\Program Files\NetBeans 8.0.2\platform\core\org-openide-filesystems.jar" />
    <property name="disabled.modules" value="org.jdesktop.layout,org.netbeans.api.visual,org.netbeans.core.execution,org.netbeans.libs.jsr223,org.netbeans.modules.autoupdate.cli,org.netbeans.modules.autoupdate.services,org.netbeans.modules.autoupdate.ui,org.netbeans.modules.core.kit,org.netbeans.modules.favorites,org.netbeans.modules.templates,org.openide.compat,org.openide.execution,org.openide.options,org.openide.util.enumerations" />
    <property name="netbeans.home" value="C:\Program Files\NetBeans 8.0.2\platform" />
    <property name="build.compiler.emacs" value="true" />
    <property name="libs.javaee-web-api-6.0.src" value="" />
    <property name="libs.jsp-compilation-syscp.classpath" value="C:\Users\Robin\AppData\Roaming\NetBeans\8.0.2\ant\lib\ant.jar;C:\Program Files\NetBeans 8.0.2\enterprise\modules\ext\servlet3.1-jsp2.3-api.jar;C:\Program Files\NetBeans 8.0.2\enterprise\modules\ext\glassfish-jspparser-4.0.jar;C:\Program Files\NetBeans 8.0.2\enterprise\modules\ext\jstl-impl.jar;C:\Program Files\NetBeans 8.0.2\enterprise\modules\ext\jsf-2_2\javax.faces.jar" />
    <property name="java.endorsed.dirs" value="C:\Program Files\Java\jdk1.8.0_25\jre\lib\endorsed" />
    <property name="libs.Comet-GlassFish-v3.maven-pom" value="" />
    <property name="libs.groovy-all.src" value="" />
    <property name="test.includes" value="de/gt/export/JSONExportTest.java" />
    <property name="netbeans.dynamic.classpath" value="C:\Program Files\NetBeans 8.0.2\platform\core\core.jar;C:\Program Files\NetBeans 8.0.2\platform\core\org-openide-filesystems.jar;C:\Program Files\NetBeans 8.0.2\platform\core\locale\core_ja.jar;C:\Program Files\NetBeans 8.0.2\platform\core\locale\core_pt_BR.jar;C:\Program Files\NetBeans 8.0.2\platform\core\locale\core_ru.jar;C:\Program Files\NetBeans 8.0.2\platform\core\locale\core_zh_CN.jar;C:\Program Files\NetBeans 8.0.2\platform\core\locale\org-openide-filesystems_ja.jar;C:\Program Files\NetBeans 8.0.2\platform\core\locale\org-openide-filesystems_pt_BR.jar;C:\Program Files\NetBeans 8.0.2\platform\core\locale\org-openide-filesystems_ru.jar;C:\Program Files\NetBeans 8.0.2\platform\core\locale\org-openide-filesystems_zh_CN.jar;C:\Program Files\NetBeans 8.0.2\nb\core\org-netbeans-upgrader.jar;C:\Program Files\NetBeans 8.0.2\nb\core\locale\core_nb.jar;C:\Program Files\NetBeans 8.0.2\nb\core\locale\core_nb_ja.jar;C:\Program Files\NetBeans 8.0.2\nb\core\locale\core_nb_pt_BR.jar;C:\Program Files\NetBeans 8.0.2\nb\core\locale\core_nb_ru.jar;C:\Program Files\NetBeans 8.0.2\nb\core\locale\core_nb_zh_CN.jar;C:\Program Files\NetBeans 8.0.2\nb\core\locale\org-netbeans-upgrader_ja.jar;C:\Program Files\NetBeans 8.0.2\nb\core\locale\org-netbeans-upgrader_pt_BR.jar;C:\Program Files\NetBeans 8.0.2\nb\core\locale\org-netbeans-upgrader_ru.jar;C:\Program Files\NetBeans 8.0.2\nb\core\locale\org-netbeans-upgrader_zh_CN.jar" />
    <property name="java.vm.specification.version" value="1.8" />
    <property name="test.excludes" value="" />
    <property name="libs.hibernate4-support.src" value="" />
    <property name="libs.primefaces.classpath" value="C:\Program Files\NetBeans 8.0.2\enterprise\modules\ext\primefaces\primefaces-5.0.jar" />
    <property name="libs.javaee-api-6.0.classpath" value="C:\Program Files\NetBeans 8.0.2\enterprise\modules\ext\javaee-api-6.0.jar" />
    <property name="libs.groovy-all.maven-pom" value="" />
    <property name="netbeans.productversion" value="NetBeans IDE 8.0.2 (Build 201411181905)" />
    <property name="libs.jaxws21.src" value="" />
    <property name="friends" value="de.gt.importer, de.gt.input" />
    <property name="netbeans.autoupdate.language" value="de" />
    <property name="cluster.path.final" value="C:\Program Files\NetBeans 8.0.2\harness;C:\Program Files\NetBeans 8.0.2\platform:C:\Users\Robin\Documents\NetBeansProjects\cansat-groundstation\Export/../build/cluster" />
    <property name="java.vendor" value="Oracle Corporation" />
    <property name="libs.javaee-api-6.0.javadoc" value="C:\Program Files\NetBeans 8.0.2\enterprise\docs\javaee-doc-api.jar" />
    <property name="code.name.base.dashes" value="de-gt-export" />
    <property name="file.separator" value="\" />
    <property name="libs.Java-EE-GlassFish-v3-Prelude.maven-pom" value="" />
    <property name="module.run.classpath" value="C:\Users\Robin\Documents\NetBeansProjects\cansat-groundstation\build\cluster\modules\org-json.jar:C:\Users\Robin\Documents\NetBeansProjects\cansat-groundstation\JSON\release\modules\ext\json-20141113.jar" />
    <property name="nbjdk.home.defaulted" value="true" />
    <property name="libs.junit_4.maven-pom" value="" />
    <property name="build.test.unit.work.dir" value="C:\Users\Robin\Documents\NetBeansProjects\cansat-groundstation\Export\build\test\unit\work" />
    <property name="netbeans.buildnumber" value="201411181905" />
    <property name="libs.JWSAntTasks.javadoc" value="" />
    <property name="user.variant" value="" />
    <property name="libs.eclipselinkmodelgen.classpath" value="C:\Program Files\NetBeans 8.0.2\java\modules\ext\eclipselink\org.eclipse.persistence.jpa.modelgen_2.5.2.v20140319-9ad6abd.jar" />
    <property name="libs.javaee-endorsed-api-7.0.src" value="" />
    <property name="nbm.needs.restart" value="false" />
    <property name="sun.java.launcher" value="SUN_STANDARD" />
    <property name="libs.junit.classpath" value="C:\Program Files\NetBeans 8.0.2\java\modules\ext\junit-3.8.2.jar" />
    <property name="libs.hibernate4-persistencemodelgen.javadoc" value="" />
    <property name="libs.jaxb.javadoc" value="C:\Program Files\NetBeans 8.0.2\ide\docs\jaxb-api-doc.zip" />
    <property name="libs.struts.classpath" value="C:\Program Files\NetBeans 8.0.2\enterprise\modules\ext\struts\antlr-2.7.2.jar;C:\Program Files\NetBeans 8.0.2\enterprise\modules\ext\struts\bsf-2.3.0.jar;C:\Program Files\NetBeans 8.0.2\enterprise\modules\ext\struts\commons-beanutils-1.8.0.jar;C:\Program Files\NetBeans 8.0.2\enterprise\modules\ext\struts\commons-chain-1.2.jar;C:\Program Files\NetBeans 8.0.2\enterprise\modules\ext\struts\commons-digester-1.8.jar;C:\Program Files\NetBeans 8.0.2\enterprise\modules\ext\struts\commons-fileupload-1.1.1.jar;C:\Program Files\NetBeans 8.0.2\enterprise\modules\ext\struts\commons-io-1.1.jar;C:\Program Files\NetBeans 8.0.2\enterprise\modules\ext\struts\commons-logging-1.0.4.jar;C:\Program Files\NetBeans 8.0.2\enterprise\modules\ext\struts\commons-validator-1.3.1.jar;C:\Program Files\NetBeans 8.0.2\enterprise\modules\ext\struts\jstl-1.0.2.jar;C:\Program Files\NetBeans 8.0.2\enterprise\modules\ext\struts\oro-2.0.8.jar;C:\Program Files\NetBeans 8.0.2\enterprise\modules\ext\struts\standard-1.0.6.jar;C:\Program Files\NetBeans 8.0.2\enterprise\modules\ext\struts\struts-core-1.3.10.jar;C:\Program Files\NetBeans 8.0.2\enterprise\modules\ext\struts\struts-el-1.3.10.jar;C:\Program Files\NetBeans 8.0.2\enterprise\modules\ext\struts\struts-extras-1.3.10.jar;C:\Program Files\NetBeans 8.0.2\enterprise\modules\ext\struts\struts-faces-1.3.10.jar;C:\Program Files\NetBeans 8.0.2\enterprise\modules\ext\struts\struts-mailreader-dao-1.3.10.jar;C:\Program Files\NetBeans 8.0.2\enterprise\modules\ext\struts\struts-scripting-1.3.10.jar;C:\Program Files\NetBeans 8.0.2\enterprise\modules\ext\struts\struts-taglib-1.3.10.jar;C:\Program Files\NetBeans 8.0.2\enterprise\modules\ext\struts\struts-tiles-1.3.10.jar" />
    <property name="nbm.executable.files" value="[NOTHING]" />
    <property name="ant.home" value="C:\Users\Robin\AppData\Roaming\NetBeans\8.0.2\ant" />
    <property name="libs.junit_4.src" value="C:\Program Files\NetBeans 8.0.2\java\docs\junit-4.10-sources.jar" />
    <property name="libs.testng.classpath" value="C:\Program Files\NetBeans 8.0.2\platform\modules\ext\testng-6.8.1-dist.jar" />
    <property name="libs.absolutelayout.maven-pom" value="" />
    <property name="ant.java.version" value="1.8" />
    <property name="java.library.path" value="C:\Program Files\Java\jdk1.8.0_25\jre\bin;C:\Windows\Sun\Java\bin;C:\Windows\system32;C:\Windows;C:\ProgramData\Oracle\Java\javapath;C:\Program Files\Broadcom\Broadcom 802.11 Network Adapter;C:\Windows\system32;C:\Windows;C:\Windows\System32\Wbem;C:\Windows\System32\WindowsPowerShell\v1.0\;C:\Program Files (x86)\Graphviz 2.28\bin;C:\Program Files\Git\cmd;C:\Program Files\Git\bin;C:\Program Files\Java\jdk1.8.0_25\bin;." />
    <property name="libs.metro.maven-pom" value="" />
    <property name="build.test.unit.classes.dir" value="C:\Users\Robin\Documents\NetBeansProjects\cansat-groundstation\Export\build\test\unit\classes" />
    <property name="libs.EclipseLink-GlassFish-v3.src" value="" />
    <property name="java.util.logging.config.class" value="org.netbeans.core.startup.TopLogging" />
    <property name="DSTAMP" value="20150428" />
    <property name="nbjunit.workdir" value="C:\Users\Robin\Documents\NetBeansProjects\cansat-groundstation\Export\build\test\unit\work" />
    <property name="libs.spring-framework400.src" value="" />
    <property name="libs.PostgreSQLDriver.src" value="" />
    <property name="test.qa-functional.data.dir" value="C:\Users\Robin\Documents\NetBeansProjects\cansat-groundstation\Export\test\qa-functional\data" />
    <property name="sun.arch.data.model" value="64" />
    <property name="basedir" value="C:\Users\Robin\Documents\NetBeansProjects\cansat-groundstation\Export" />
    <property name="libs.jpa20-persistence.maven-pom" value="" />
    <property name="test.runner" value="junit" />
    <property name="libs.javaee-web-api-7.0.classpath" value="C:\Program Files\NetBeans 8.0.2\enterprise\modules\ext\javaee-web-api-7.0.jar" />
    <property name="path.separator" value=";" />
    <property name="libs.javaee-web-api-6.0.javadoc" value="C:\Program Files\NetBeans 8.0.2\enterprise\docs\javaee-doc-api.jar" />
    <property name="ant.junit.enabletestlistenerevents" value="true" />
    <property name="sun.io.unicode.encoding" value="UnicodeLittle" />
    <property name="libs.jaxws21.classpath" value="C:\Program Files\NetBeans 8.0.2\ide\modules\ext\jaxb\jaxb-impl.jar;C:\Program Files\NetBeans 8.0.2\ide\modules\ext\jaxb\jaxb-xjc.jar;C:\Program Files\NetBeans 8.0.2\java\modules\ext\jaxws22\FastInfoset.jar;C:\Program Files\NetBeans 8.0.2\java\modules\ext\jaxws22\gmbal-api-only.jar;C:\Program Files\NetBeans 8.0.2\java\modules\ext\jaxws22\ha-api.jar;C:\Program Files\NetBeans 8.0.2\java\modules\ext\jaxws22\javax.mail_1.4.jar;C:\Program Files\NetBeans 8.0.2\java\modules\ext\jaxws22\jaxws-rt.jar;C:\Program Files\NetBeans 8.0.2\java\modules\ext\jaxws22\jaxws-tools.jar;C:\Program Files\NetBeans 8.0.2\java\modules\ext\jaxws22\management-api.jar;C:\Program Files\NetBeans 8.0.2\java\modules\ext\jaxws22\mimepull.jar;C:\Program Files\NetBeans 8.0.2\java\modules\ext\jaxws22\policy.jar;C:\Program Files\NetBeans 8.0.2\java\modules\ext\jaxws22\saaj-impl.jar;C:\Program Files\NetBeans 8.0.2\java\modules\ext\jaxws22\stax-ex.jar;C:\Program Files\NetBeans 8.0.2\java\modules\ext\jaxws22\stax2-api.jar;C:\Program Files\NetBeans 8.0.2\java\modules\ext\jaxws22\streambuffer.jar;C:\Program Files\NetBeans 8.0.2\java\modules\ext\jaxws22\woodstox-core-asl.jar;C:\Program Files\NetBeans 8.0.2\java\modules\ext\jaxws22\api\jaxws-api.jar;C:\Program Files\NetBeans 8.0.2\java\modules\ext\jaxws22\api\jsr181-api.jar;C:\Program Files\NetBeans 8.0.2\java\modules\ext\jaxws22\api\javax.annotation.jar;C:\Program Files\NetBeans 8.0.2\java\modules\ext\jaxws22\api\saaj-api.jar;C:\Program Files\NetBeans 8.0.2\ide\modules\ext\jaxb\activation.jar;C:\Program Files\NetBeans 8.0.2\ide\modules\ext\jaxb\api\jaxb-api.jar;C:\Program Files\NetBeans 8.0.2\ide\modules\ext\jaxb\api\jsr173_1.0_api.jar" />
    <property name="TSTAMP" value="0915" />
    <property name="libs.struts.src" value="" />
    <property name="apple.awt.graphics.UseQuartz" value="true" />
    <property name="user.language" value="de" />
    <property name="libs.JAXB-ENDORSED.maven-pom" value="" />
    <property name="libs.eclipselink.maven-pom" value="" />
    <property name="module.classpath" value="C:\Users\Robin\Documents\NetBeansProjects\cansat-groundstation\build\public-package-jars\org-json.jar" />
    <property name="libs.primefaces.javadoc" value="" />
    <property name="libs.spring-framework300.maven-pom" value="" />
    <property name="ant.project.invoked-targets" value="-do-junit-single" />
    <property name="build.test.unit.results.dir" value="C:\Users\Robin\Documents\NetBeansProjects\cansat-groundstation\Export\build\test\unit\results" />
    <property name="test-qa-functional-sys-prop.cluster.path.final" value="C:\Program Files\NetBeans 8.0.2\harness;C:\Program Files\NetBeans 8.0.2\platform:C:\Users\Robin\Documents\NetBeansProjects\cansat-groundstation\Export/../build/cluster" />
    <property name="libs.swing-layout.javadoc" value="C:\Program Files\NetBeans 8.0.2\platform\docs\swing-layout-1.0.4-doc.zip" />
    <property name="nbm.is.global" value="" />
    <property name="sun.java2d.dpiaware" value="true" />
    <property name="cluster.path.evaluated" value="C:\Program Files\NetBeans 8.0.2/harness:C:\Program Files\NetBeans 8.0.2/platform" />
    <property name="libs.hibernate4-persistence.maven-pom" value="" />
    <property name="libs.DataBindingME-SVG.classpath" value="C:\Program Files\NetBeans 8.0.2\mobility\modules\ext\netbeans_databindingme_svg.jar" />
    <property name="https.nonProxyHosts" value="localhost|127.0.0.1|Robin-PC" />
    <property name="libs.PostgreSQLDriver.maven-pom" value="" />
    <property name="java.class.version" value="52.0" />
    <property name="libs.JAVADB_DRIVER_LABEL.classpath" value="C:\Program Files\Java\jdk1.8.0_25\db\lib\derby.jar;C:\Program Files\Java\jdk1.8.0_25\db\lib\derbyclient.jar;C:\Program Files\Java\jdk1.8.0_25\db\lib\derbynet.jar" />
    <property name="libs.hibernate4-persistencemodelgen.maven-pom" value="" />
    <property name="libs.javaee-endorsed-api-6.0.src" value="" />
    <property name="libs.eclipselink.javadoc" value="C:\Program Files\NetBeans 8.0.2\java\modules\ext\docs\javax.persistence-2.1.0-doc.zip" />
    <property name="libs.jsp-compilation.maven-pom" value="" />
    <property name="user.properties.file" value="C:\Users\Robin\AppData\Roaming\NetBeans\8.0.2\build.properties" />
    <property name="libs.javac-api.maven-pom" value="" />
    <property name="file.encoding.pkg" value="sun.io" />
    <property name="sun.cpu.endian" value="little" />
    <property name="harness.taskdefs.done" value="true" />
    <property name="libs.JAXB-ENDORSED.javadoc" value="" />
    <property name="code.name.base" value="de.gt.export" />
    <property name="test.unit.compile.cp" value="C:/Program Files/NetBeans 8.0.2/platform/modules/org-netbeans-libs-junit4.jar" />
    <property name="java.home.parent" value="C:\Program Files\Java\jdk1.8.0_25" />
    <property name="libs.JWSAntTasks.classpath" value="C:\Program Files\NetBeans 8.0.2\java\ant\extra\org-netbeans-modules-javawebstart-anttasks.jar" />
    <property name="libs.spring-webmvc4.0.maven-pom" value="" />
    <property name="libs.spring-framework300.src" value="" />
    <property name="test.unit.runtime.cp" value="C:/Program Files/NetBeans 8.0.2/platform/modules/org-netbeans-libs-junit4.jar" />
    <property name="test.qa-functional.compile.cp" value="C:/Program Files/NetBeans 8.0.2/platform/modules/org-netbeans-libs-junit4.jar;C:/Program Files/NetBeans 8.0.2/harness/modules/org-netbeans-modules-nbjunit.jar;C:/Program Files/NetBeans 8.0.2/harness/modules/org-netbeans-insane.jar;C:/Program Files/NetBeans 8.0.2/harness/modules/org-netbeans-modules-jemmy.jar" />
    <property name="libs.jstl.src" value="" />
    <property name="test.qa-functional.runtime.cp" value="C:/Program Files/NetBeans 8.0.2/platform/modules/org-netbeans-libs-junit4.jar;C:/Program Files/NetBeans 8.0.2/harness/modules/org-netbeans-modules-nbjunit.jar;C:/Program Files/NetBeans 8.0.2/harness/modules/org-netbeans-insane.jar;C:/Program Files/NetBeans 8.0.2/harness/modules/org-netbeans-modules-jemmy.jar;C:/Program Files/NetBeans 8.0.2/platform/lib/org-openide-util.jar" />
    <property name="libs.hibernate4-persistencemodelgen.src" value="" />
    <property name="libs.jpa20-persistence.javadoc" value="C:\Program Files\NetBeans 8.0.2\java\modules\ext\docs\javax.persistence-2.1.0-doc.zip" />
    <property name="test.qa-functional.cp.extra" value="" />
    <property name="nbplatform.default.harness.dir" value="C:\Program Files\NetBeans 8.0.2/harness" />
    <property name="cp.extra" value="" />
    <property name="java.home" value="C:\Program Files\Java\jdk1.8.0_25\jre" />
    <property name="libs.jsp-compilation.src" value="" />
    <property name="javahelp.jar.dir" value="modules/docs" />
    <property name="libs.javaee-endorsed-api-6.0.classpath" value="C:\Program Files\NetBeans 8.0.2\enterprise\modules\ext\javaee6-endorsed\javax.annotation.jar;C:\Program Files\NetBeans 8.0.2\enterprise\modules\ext\javaee6-endorsed\jaxb-api-osgi.jar;C:\Program Files\NetBeans 8.0.2\enterprise\modules\ext\javaee6-endorsed\webservices-api-osgi.jar" />
    <property name="libs.javaee-api-6.0.src" value="" />
    <property name="netbeans.importclass" value="org.netbeans.upgrade.AutoUpgrade" />
    <property name="ant.project.default-target" value="netbeans" />
    <property name="ant.file.harness" value="C:\Program Files\NetBeans 8.0.2\harness\build.xml" />
    <property name="public.package.jar.dir" value="C:\Users\Robin\Documents\NetBeansProjects\cansat-groundstation\Export/../build/public-package-jars" />
    <property name="libs.DataBindingME.maven-pom" value="" />
    <property name="libs.PostgreSQLDriver.javadoc" value="" />
    <property name="libs.restlib.classpath" value="C:\Program Files\NetBeans 8.0.2\enterprise\modules\ext\jersey2\ext\asm-all-repackaged-2.2.0-b21.jar;C:\Program Files\NetBeans 8.0.2\enterprise\modules\ext\jersey2\ext\cglib-2.2.0-b21.jar;C:\Program Files\NetBeans 8.0.2\enterprise\modules\ext\jersey2\ext\guava-14.0.1.jar;C:\Program Files\NetBeans 8.0.2\enterprise\modules\ext\jersey2\ext\hk2-api-2.2.0-b21.jar;C:\Program Files\NetBeans 8.0.2\enterprise\modules\ext\jersey2\ext\hk2-locator-2.2.0-b21.jar;C:\Program Files\NetBeans 8.0.2\enterprise\modules\ext\jersey2\ext\hk2-utils-2.2.0-b21.jar;C:\Program Files\NetBeans 8.0.2\enterprise\modules\ext\jersey2\ext\javax.annotation-api-1.2.jar;C:\Program Files\NetBeans 8.0.2\enterprise\modules\ext\jersey2\ext\javax.inject-2.2.0-b21.jar;C:\Program Files\NetBeans 8.0.2\enterprise\modules\ext\jersey2\ext\javax.servlet-api-3.0.1.jar;C:\Program Files\NetBeans 8.0.2\enterprise\modules\ext\jersey2\ext\jaxb-api-2.2.7.jar;C:\Program Files\NetBeans 8.0.2\enterprise\modules\ext\jersey2\ext\jersey-entity-filtering-2.5.1.jar;C:\Program Files\NetBeans 8.0.2\enterprise\modules\ext\jersey2\ext\jersey-media-moxy-2.5.1.jar;C:\Program Files\NetBeans 8.0.2\enterprise\modules\ext\jersey2\ext\org.osgi.core-4.2.0.jar;C:\Program Files\NetBeans 8.0.2\enterprise\modules\ext\jersey2\ext\osgi-resource-locator-1.0.1.jar;C:\Program Files\NetBeans 8.0.2\enterprise\modules\ext\jersey2\ext\persistence-api-1.0.jar;C:\Program Files\NetBeans 8.0.2\enterprise\modules\ext\jersey2\ext\validation-api-1.1.0.Final.jar;C:\Program Files\NetBeans 8.0.2\enterprise\modules\ext\jersey2\jersey-client.jar;C:\Program Files\NetBeans 8.0.2\enterprise\modules\ext\jersey2\jersey-common.jar;C:\Program Files\NetBeans 8.0.2\enterprise\modules\ext\jersey2\jersey-container-servlet.jar;C:\Program Files\NetBeans 8.0.2\enterprise\modules\ext\jersey2\jersey-container-servlet-core.jar;C:\Program Files\NetBeans 8.0.2\enterprise\modules\ext\jersey2\jersey-server.jar;C:\Program Files\NetBeans 8.0.2\java\modules\ext\eclipselink\eclipselink.jar" />
    <property name="nbm.distribution" value="" />
    <property name="test-unit-sys-prop.branding.token" value="cansat_groundstation" />
    <property name="libs.MySQLDriver.maven-pom" value="" />
    <property name="libs.hibernate4-persistence.javadoc" value="C:\Program Files\NetBeans 8.0.2\java\modules\ext\docs\javax.persistence-2.1.0-doc.zip" />
    <property name="http.nonProxyHosts" value="localhost|127.0.0.1|Robin-PC" />
    <property name="libs.junit_4.javadoc" value="C:\Program Files\NetBeans 8.0.2\java\docs\junit-4.10-javadoc.jar" />
    <property name="libs.EclipseLink-GlassFish-v3.maven-pom" value="" />
    <property name="libs.javaee-web-api-6.0.maven-pom" value="" />
    <property name="jna.boot.library.name" value="jnidispatch-410" />
    <property name="libs.javaee-endorsed-api-6.0.javadoc" value="C:\Program Files\NetBeans 8.0.2\enterprise\docs\javaee-doc-api.jar" />
    <property name="libs.javaee-api-7.0.classpath" value="C:\Program Files\NetBeans 8.0.2\enterprise\modules\ext\javaee-api-7.0.jar" />
    <property name="sun.awt.datatransfer.timeout" value="1000" />
    <property name="module.build.started.time" value="2015-04-28T09:15:22.594+0200" />
    <property name="libs.spring-webmvc3.0.javadoc" value="" />
    <property name="libs.jpa2-persistence.maven-pom" value="" />
    <property name="libs.hibernate4-support.classpath" value="C:\Program Files\NetBeans 8.0.2\java\modules\ext\hibernate4\antlr-2.7.7.jar;C:\Program Files\NetBeans 8.0.2\java\modules\ext\hibernate4\c3p0-0.9.2.1.jar;C:\Program Files\NetBeans 8.0.2\java\modules\ext\hibernate4\hibernate-c3p0-4.3.1.Final.jar;C:\Program Files\NetBeans 8.0.2\java\modules\ext\hibernate4\mchange-commons-java-0.2.3.4.jar;C:\Program Files\NetBeans 8.0.2\java\modules\ext\hibernate4\dom4j-1.6.1.jar;C:\Program Files\NetBeans 8.0.2\java\modules\ext\hibernate4\ehcache-core-2.4.3.jar;C:\Program Files\NetBeans 8.0.2\java\modules\ext\hibernate4\hibernate-ehcache-4.3.1.Final.jar;C:\Program Files\NetBeans 8.0.2\java\modules\ext\hibernate4\hibernate-core-4.3.1.Final.jar;C:\Program Files\NetBeans 8.0.2\java\modules\ext\hibernate4\jboss-logging-3.1.3.GA.jar;C:\Program Files\NetBeans 8.0.2\java\modules\ext\hibernate4\hibernate-commons-annotations-4.0.4.Final.jar;C:\Program Files\NetBeans 8.0.2\java\modules\ext\hibernate4\hibernate-entitymanager-4.3.1.Final.jar;C:\Program Files\NetBeans 8.0.2\java\modules\ext\hibernate4\javassist-3.18.1-GA.jar;C:\Program Files\NetBeans 8.0.2\java\modules\ext\hibernate4\jboss-transaction-api_1.2_spec-1.0.0.Final.jar;C:\Program Files\NetBeans 8.0.2\java\modules\ext\hibernate4\slf4j-api-1.6.1.jar;C:\Program Files\NetBeans 8.0.2\java\modules\ext\hibernate4\slf4j-simple-1.6.1.jar" />
    <property name="build.test.qa-functional.classes.dir" value="C:\Users\Robin\Documents\NetBeansProjects\cansat-groundstation\Export\build\test\qa-functional\classes" />
    <property name="module.dependencies" value="org.json &gt; 1.0" />
    <property name="nb.native.filechooser" value="false" />
    <property name="libs.restapi.src" value="" />
    <property name="sun.management.compiler" value="HotSpot 64-Bit Tiered Compilers" />
    <property name="libs.j2me_common_ant.javadoc" value="" />
    <property name="sun.java2d.noddraw" value="true" />
    <property name="libs.jsp-compiler.classpath" value="C:\Program Files\NetBeans 8.0.2\enterprise\ant\extra\jspcompile.jar" />
    <property name="tools.jar" value="C:\Program Files\Java\jdk1.8.0_25\lib\tools.jar" />
    <property name="javac.compilerargs" value="-Xlint -Xlint:-serial" />
    <property name="ant.file" value="C:\Users\Robin\Documents\NetBeansProjects\cansat-groundstation\Export\build.xml" />
    <property name="libs.beans-binding.maven-pom" value="" />
    <property name="ant.file.projectized-common" value="C:\Program Files\NetBeans 8.0.2\harness\common.xml" />
    <property name="libs.hibernate4-support.javadoc" value="C:\Program Files\NetBeans 8.0.2\java\modules\ext\docs\javax.persistence-2.1.0-doc.zip" />
    <property name="libs.jsf12.classpath" value="C:\Program Files\NetBeans 8.0.2\enterprise\modules\ext\jsf-1_2\commons-beanutils.jar;C:\Program Files\NetBeans 8.0.2\enterprise\modules\ext\jsf-1_2\commons-collections.jar;C:\Program Files\NetBeans 8.0.2\enterprise\modules\ext\jsf-1_2\commons-digester.jar;C:\Program Files\NetBeans 8.0.2\enterprise\modules\ext\jsf-1_2\commons-logging.jar;C:\Program Files\NetBeans 8.0.2\enterprise\modules\ext\jsf-1_2\jsf-api.jar;C:\Program Files\NetBeans 8.0.2\enterprise\modules\ext\jsf-1_2\jsf-impl.jar" />
    <property name="nbjdk.home" value="C:\Program Files\Java\jdk1.8.0_25" />
    <property name="test.unit.data.dir" value="C:\Users\Robin\Documents\NetBeansProjects\cansat-groundstation\Export\test\unit\data" />
    <property name="libs.Java-EE-GlassFish-v3-Prelude.classpath" value="C:\Program Files\glassfish-4.1\glassfish\modules\endorsed\javax.annotation-api.jar;C:\Program Files\glassfish-4.1\glassfish\modules\endorsed\jaxb-api.jar;C:\Program Files\glassfish-4.1\glassfish\modules\endorsed\webservices-api-osgi.jar;C:\Program Files\glassfish-4.1\glassfish\modules\bean-validator.jar;C:\Program Files\glassfish-4.1\glassfish\modules\javax.batch-api.jar;C:\Program Files\glassfish-4.1\glassfish\modules\javax.ejb-api.jar;C:\Program Files\glassfish-4.1\glassfish\modules\javax.el.jar;C:\Program Files\glassfish-4.1\glassfish\modules\javax.enterprise.concurrent-api.jar;C:\Program Files\glassfish-4.1\glassfish\modules\javax.enterprise.concurrent.jar;C:\Program Files\glassfish-4.1\glassfish\modules\javax.enterprise.deploy-api.jar;C:\Program Files\glassfish-4.1\glassfish\modules\javax.faces.jar;C:\Program Files\glassfish-4.1\glassfish\modules\javax.inject.jar;C:\Program Files\glassfish-4.1\glassfish\modules\javax.interceptor-api.jar;C:\Program Files\glassfish-4.1\glassfish\modules\javax.jms-api.jar;C:\Program Files\glassfish-4.1\glassfish\modules\javax.json.jar;C:\Program Files\glassfish-4.1\glassfish\modules\javax.mail.jar;C:\Program Files\glassfish-4.1\glassfish\modules\javax.management.j2ee-api.jar;C:\Program Files\glassfish-4.1\glassfish\modules\javax.persistence.jar;C:\Program Files\glassfish-4.1\glassfish\modules\javax.resource-api.jar;C:\Program Files\glassfish-4.1\glassfish\modules\javax.security.auth.message-api.jar;C:\Program Files\glassfish-4.1\glassfish\modules\javax.security.jacc-api.jar;C:\Program Files\glassfish-4.1\glassfish\modules\javax.servlet-api.jar;C:\Program Files\glassfish-4.1\glassfish\modules\javax.servlet.jsp-api.jar;C:\Program Files\glassfish-4.1\glassfish\modules\javax.servlet.jsp.jar;C:\Program Files\glassfish-4.1\glassfish\modules\javax.servlet.jsp.jstl-api.jar;C:\Program Files\glassfish-4.1\glassfish\modules\javax.servlet.jsp.jstl.jar;C:\Program Files\glassfish-4.1\glassfish\modules\javax.transaction-api.jar;C:\Program Files\glassfish-4.1\glassfish\modules\javax.websocket-api.jar;C:\Program Files\glassfish-4.1\glassfish\modules\javax.ws.rs-api.jar;C:\Program Files\glassfish-4.1\glassfish\modules\javax.xml.registry-api.jar;C:\Program Files\glassfish-4.1\glassfish\modules\javax.xml.rpc-api.jar;C:\Program Files\glassfish-4.1\glassfish\modules\jaxb-osgi.jar;C:\Program Files\glassfish-4.1\glassfish\modules\webservices-osgi.jar;C:\Program Files\glassfish-4.1\glassfish\modules\weld-osgi-bundle.jar;C:\Program Files\glassfish-4.1\mq\lib\jaxm-api.jar" />
    <property name="libs.jstl.maven-pom" value="" />
    <property name="libs.restapi.maven-pom" value="" />
    <property name="libs.beans-binding.src" value="" />
    <property name="javahelp.jar.basename" value="de-gt-export.jar" />
    <property name="nbm.homepage" value="" />
    <property name="java.vm.specification.vendor" value="Oracle Corporation" />
    <property name="libs.DataBindingME-PIM.javadoc" value="C:\Program Files\NetBeans 8.0.2\mobility\modules\docs\netbeans_databindingme_pim-api.zip" />
    <property name="libs.swing-layout.src" value="C:\Program Files\NetBeans 8.0.2\platform\docs\swing-layout-1.0.4-src.zip" />
    <property name="nbm.release.date" value="" />
    <property name="test.timeout" value="600000" />
    <property name="org.openide.major.version" value="IDE/1" />
    <property name="java.vm.name" value="Java HotSpot(TM) 64-Bit Server VM" />
    <property name="build.javahelp.dir" value="C:\Users\Robin\Documents\NetBeansProjects\cansat-groundstation\Export\build\javahelp" />
    <property name="build.test.unit.dir" value="C:\Users\Robin\Documents\NetBeansProjects\cansat-groundstation\Export\build\test\unit" />
    <property name="build.test.qa-functional.results.dir" value="C:\Users\Robin\Documents\NetBeansProjects\cansat-groundstation\Export\build\test\qa-functional\results" />
    <property name="netbeans.user" value="C:\Users\Robin\AppData\Roaming\NetBeans\8.0.2" />
    <property name="ant.file.type.jdk" value="file" />
    <property name="java.io.tmpdir" value="C:\Users\Robin\AppData\Local\Temp\" />
    <property name="java.vendor.url" value="http://java.oracle.com/" />
    <property name="libs.jsp-compiler.src" value="" />
    <property name="org.openide.awt.ActionReference.completion" value="org.netbeans.modules.apisupport.project.layers.PathCompletions" />
    <property name="sun.boot.library.path" value="C:\Program Files\Java\jdk1.8.0_25\jre\bin" />
    <property name="no.netbeans.bootclasspath.prepend.needed" value="true" />
    <property name="libs.jsf20.classpath" value="C:\Program Files\NetBeans 8.0.2\enterprise\modules\ext\jsf-2_2\javax.faces.jar" />
    <property name="libs.DataBindingME-SVG.src" value="C:\Program Files\NetBeans 8.0.2\mobility\sources\netbeans_databindingme_svg-src.zip" />
    <property name="manifest.mf" value="C:\Users\Robin\Documents\NetBeansProjects\cansat-groundstation\Export\manifest.mf" />
    <property name="libs.spring-framework400.maven-pom" value="" />
    <property name="java.runtime.name" value="Java(TM) SE Runtime Environment" />
    <property name="ant.project.name" value="de.gt.export" />
    <property name="javahelp.base" value="de/gt/export/docs" />
    <property name="javahelp.jar" value="modules/docs/de-gt-export.jar" />
    <property name="netbeans.hash.code" value="unique=NB_CND_EXTIDE_GFMOD_GROOVY_JAVA_JC_MOB_PHP_WEBCOMMON_WEBEE0ed51b957-5fb0-4c51-8559-8c0ececd5e3b_66ede70a-c57b-4557-a8cb-9475f4850468" />
    <property name="netbeans.default_userdir_root" value="C:\Users\Robin\AppData\Roaming\NetBeans" />
    <property name="libs.jsp-compilation-syscp.maven-pom" value="" />
    <property name="sun.cpu.isalist" value="amd64" />
    <property name="libs.spring-framework400.javadoc" value="" />
    <property name="libs.CopyLibs.javadoc" value="" />
    <property name="test.qa-functional.dir" value="C:\Users\Robin\Documents\NetBeansProjects\cansat-groundstation\Export\test\qa-functional" />
    <property name="org.openide.specification.version" value="6.2" />
    <property name="netbeans.javadoc.dir" value="C:\Users\Robin\Documents\NetBeansProjects\cansat-groundstation\Export\build\javadoc" />
    <property name="libs.DataBindingME-PIM.classpath" value="C:\Program Files\NetBeans 8.0.2\mobility\modules\ext\netbeans_databindingme_pim.jar" />
    <property name="ant.file.type.projectized-common" value="file" />
    <property name="user.home" value="C:\Users\Robin" />
    <property name="libs.primefaces.maven-pom" value="" />
    <property name="libs.javaee-api-6.0.maven-pom" value="" />
    <property name="suite.build.dir" value="C:\Users\Robin\Documents\NetBeansProjects\cansat-groundstation\Export/../build" />
    <property name="libs.JWSAntTasks.src" value="" />
    <property name="libs.CopyLibs.maven-pom" value="" />
    <property name="libs.spring-framework300.javadoc" value="" />
    <property name="libs.absolutelayout.javadoc" value="" />
    <property name="java.specification.name" value="Java Platform API Specification" />
    <property name="guice.disable.misplaced.annotation.check" value="true" />
    <property name="test.unit.cp.extra" value="" />
    <property name="java.specification.vendor" value="Oracle Corporation" />
    <property name="libs.javac-api.classpath" value="C:\Program Files\NetBeans 8.0.2\java\modules\ext\nb-javac-api.jar" />
    <property name="java.version" value="1.8.0_25" />
    <property name="run.jvmargs.ide" value="" />
    <property name="libs.MySQLDriver.javadoc" value="" />
    <property name="test-unit-sys-prop.cluster.path.final" value="C:\Program Files\NetBeans 8.0.2\harness;C:\Program Files\NetBeans 8.0.2\platform:C:\Users\Robin\Documents\NetBeansProjects\cansat-groundstation\Export/../build/cluster" />
    <property name="org.openide.version" value="deprecated" />
    <property name="libs.eclipselinkmodelgen.maven-pom" value="" />
    <property name="ant.file.no-testcoverage" value="C:\Program Files\NetBeans 8.0.2\harness\no-testcoverage.xml" />
    <property name="libs.jsp-compilation-syscp.javadoc" value="" />
    <property name="libs.junit.maven-pom" value="" />
    <property name="is.regular" value="true" />
    <property name="libs.eclipselinkmodelgen.javadoc" value="" />
    <property name="libs.javaee-endorsed-api-7.0.classpath" value="C:\Program Files\NetBeans 8.0.2\enterprise\modules\ext\javaee7-endorsed\javax.annotation-api.jar;C:\Program Files\NetBeans 8.0.2\enterprise\modules\ext\javaee7-endorsed\javax.xml.soap-api.jar;C:\Program Files\NetBeans 8.0.2\enterprise\modules\ext\javaee7-endorsed\jaxb-api-osgi.jar;C:\Program Files\NetBeans 8.0.2\enterprise\modules\ext\javaee7-endorsed\jaxws-api.jar;C:\Program Files\NetBeans 8.0.2\enterprise\modules\ext\javaee7-endorsed\jsr181-api.jar" />
    <property name="libs.metro.javadoc" value="C:\Program Files\NetBeans 8.0.2\enterprise\docs\metro-1.4-doc.zip" />
    <property name="libs.struts.maven-pom" value="" />
    <property name="libs.testng.maven-pom" value="" />
    <property name="libs.jaxb.src" value="" />
    <property name="libs.jaxb.classpath" value="C:\Program Files\NetBeans 8.0.2\ide\modules\ext\jaxb\jaxb-impl.jar;C:\Program Files\NetBeans 8.0.2\ide\modules\ext\jaxb\jaxb-xjc.jar;C:\Program Files\NetBeans 8.0.2\ide\modules\ext\jaxb\jaxb1-impl.jar;C:\Program Files\NetBeans 8.0.2\ide\modules\ext\jaxb\activation.jar;C:\Program Files\NetBeans 8.0.2\ide\modules\ext\jaxb\api\jaxb-api.jar;C:\Program Files\NetBeans 8.0.2\ide\modules\ext\jaxb\api\jsr173_1.0_api.jar" />
    <property name="testcoverage.import" value="no-testcoverage.xml" />
    <property name="libs.j2me_common_ant.classpath" value="C:\Program Files\NetBeans 8.0.2\mobility\modules\org-netbeans-modules-j2me-common-ant.jar;C:\Program Files\NetBeans 8.0.2\java\modules\org-netbeans-modules-classfile.jar" />
    <property name="libs.spring-webmvc3.0.classpath" value="C:\Program Files\NetBeans 8.0.2\java\modules\ext\spring-3.0\spring-webmvc-3.2.7.RELEASE.jar" />
    <property name="libs.swing-layout.classpath" value="C:\Program Files\NetBeans 8.0.2\platform\modules\ext\swing-layout-1.0.4.jar" />
    <property name="test-qa-functional-sys-prop.branding.token" value="cansat_groundstation" />
    <property name="libs.javaee-web-api-7.0.maven-pom" value="" />
    <property name="libs.restlib.src" value="" />
    <property name="javac.source" value="1.6" />
    <property name="ant.file.de.gt.export" value="C:\Users\Robin\Documents\NetBeansProjects\cansat-groundstation\Export\build.xml" />
    <property name="line.separator" value="&#xd;&#xa;" />
    <property name="java.specification.version" value="1.8" />
    <property name="java.vm.info" value="mixed mode" />
    <property name="libs.jaxws21.maven-pom" value="" />
    <property name="test.filter.trace" value="true" />
    <property name="sun.boot.class.path" value="C:\Program Files\Java\jdk1.8.0_25\jre\lib\resources.jar;C:\Program Files\Java\jdk1.8.0_25\jre\lib\rt.jar;C:\Program Files\Java\jdk1.8.0_25\jre\lib\sunrsasign.jar;C:\Program Files\Java\jdk1.8.0_25\jre\lib\jsse.jar;C:\Program Files\Java\jdk1.8.0_25\jre\lib\jce.jar;C:\Program Files\Java\jdk1.8.0_25\jre\lib\charsets.jar;C:\Program Files\Java\jdk1.8.0_25\jre\lib\jfr.jar;C:\Program Files\Java\jdk1.8.0_25\jre\classes" />
    <property name="javac.target" value="1.6" />
    <property name="module.jar.basename" value="de-gt-export.jar" />
    <property name="src.dir" value="C:\Users\Robin\Documents\NetBeansProjects\cansat-groundstation\Export\src" />
    <property name="libs.jpa2-persistence.src" value="" />
    <property name="sun.awt.keepWorkingSetOnMinimize" value="true" />
    <property name="build.compiler.optimize" value="off" />
    <property name="libs.jsf20.src" value="" />
    <property name="libs.jpa20-persistence.src" value="" />
    <property name="libs.jsf12.src" value="" />
    <property name="libs.DataBindingME-SVG.maven-pom" value="" />
    <property name="libs.JAVADB_DRIVER_LABEL.maven-pom" value="" />
    <property name="test.qa-functional.src.dir" value="C:\Users\Robin\Documents\NetBeansProjects\cansat-groundstation\Export\test\qa-functional\src" />
    <property name="nbplatform.default.netbeans.dest.dir" value="C:\Program Files\NetBeans 8.0.2" />
    <property name="nbplatform.active.dir" value="C:\Program Files\NetBeans 8.0.2" />
    <property name="libs.struts.javadoc" value="C:\Program Files\NetBeans 8.0.2\enterprise\docs\struts-1.3.10-javadoc.zip" />
    <property name="libs.Comet-GlassFish-v3.classpath" value="" />
    <property name="libs.javaee-web-api-7.0.src" value="" />
    <property name="has.release.dir" value="true" />
    <property name="libs.primefaces.src" value="" />
    <property name="code.name.base.slashes" value="de/gt/export" />
    <property name="libs.groovy-all.javadoc" value="" />
    <property name="ant.file.type.no-testcoverage" value="file" />
    <property name="libs.groovy-all.classpath" value="C:\Program Files\NetBeans 8.0.2\groovy\modules\ext\groovy-all.jar" />
    <property name="javac.fork" value="false" />
    <property name="TODAY" value="April 28 2015" />
    <property name="java.awt.printerjob" value="sun.awt.windows.WPrinterJob" />
    <property name="default.javac.source" value="1.8" />
    <property name="release.files.extra" value="" />
    <property name="sun.jnu.encoding" value="Cp1252" />
    <property name="libs.MySQLDriver.src" value="" />
    <property name="suite.dir" value="C:\Users\Robin\Documents\NetBeansProjects\cansat-groundstation\Export/.." />
    <property name="build.test.qa-functional.work.dir" value="C:\Users\Robin\Documents\NetBeansProjects\cansat-groundstation\Export\build\test\qa-functional\work" />
    <property name="java.runtime.version" value="1.8.0_25-b18" />
    <property name="default.javac.target" value="1.8" />
    <property name="cluster" value="C:\Users\Robin\Documents\NetBeansProjects\cansat-groundstation\Export/../build/cluster" />
    <property name="libs.junit_4.classpath" value="C:\Program Files\NetBeans 8.0.2\platform\modules\ext\junit-4.10.jar" />
    <property name="user.timezone" value="Europe/Berlin" />
    <property name="test.dist.dir" value="C:\Users\Robin\Documents\NetBeansProjects\cansat-groundstation\Export/../build/testdist" />
    <property name="release.files" value="modules\ext\opencsv-2.1-1.0.0-sources.jar,modules\ext\opencsv-2.1-1.0.0.jar,modules\ext\sqlite-jdbc-3.8.7.jar" />
    <property name="nbjunit.hard.timeout" value="600000" />
    <property name="libs.javaee-endorsed-api-6.0.maven-pom" value="" />
    <property name="libs.JAVADB_DRIVER_LABEL.javadoc" value="" />
    <property name="netbeans.dirs" value="C:\Program Files\NetBeans 8.0.2\nb;C:\Program Files\NetBeans 8.0.2\ergonomics;C:\Program Files\NetBeans 8.0.2\ide;C:\Program Files\NetBeans 8.0.2\extide;C:\Program Files\NetBeans 8.0.2\java;C:\Program Files\NetBeans 8.0.2\apisupport;C:\Program Files\NetBeans 8.0.2\webcommon;C:\Program Files\NetBeans 8.0.2\websvccommon;C:\Program Files\NetBeans 8.0.2\enterprise;C:\Program Files\NetBeans 8.0.2\mobility;C:\Program Files\NetBeans 8.0.2\profiler;C:\Program Files\NetBeans 8.0.2\python;C:\Program Files\NetBeans 8.0.2\php;C:\Program Files\NetBeans 8.0.2\identity;C:\Program Files\NetBeans 8.0.2\harness;C:\Program Files\NetBeans 8.0.2\cnd;C:\Program Files\NetBeans 8.0.2\dlight;C:\Program Files\NetBeans 8.0.2\groovy;C:\Program Files\NetBeans 8.0.2\extra;C:\Program Files\NetBeans 8.0.2\javacard;C:\Program Files\NetBeans 8.0.2\javafx" />
    <property name="test.type" value="unit" />
    <property name="libs.jsf20.javadoc" value="C:\Program Files\NetBeans 8.0.2\enterprise\docs\javaee-doc-api.jar" />
    <property name="libs.jstl.javadoc" value="C:\Program Files\NetBeans 8.0.2\enterprise\docs\javaee-doc-api.jar" />
    <property name="jar-excludes" value="**/*.java,**/*.form,**/package.html,**/doc-files/" />
    <property name="java.ext.dirs" value="C:\Program Files\Java\jdk1.8.0_25\jre\lib\ext;C:\Windows\Sun\Java\lib\ext" />
    <property name="libs.metro.src" value="" />
    <property name="libs.absolutelayout.classpath" value="C:\Program Files\NetBeans 8.0.2\java\modules\ext\AbsoluteLayout.jar" />
    <property name="cluster.path" value="${nbplatform.active.dir}/harness:${nbplatform.active.dir}/platform" />
    <property name="libs.restlib.maven-pom" value="" />
    <property name="libs.metro.classpath" value="C:\Program Files\NetBeans 8.0.2\ide\modules\ext\jaxb\activation.jar;C:\Program Files\NetBeans 8.0.2\enterprise\modules\ext\metro\webservices-api.jar;C:\Program Files\NetBeans 8.0.2\enterprise\modules\ext\metro\webservices-extra-api.jar;C:\Program Files\NetBeans 8.0.2\enterprise\modules\ext\metro\webservices-extra.jar;C:\Program Files\NetBeans 8.0.2\enterprise\modules\ext\metro\webservices-rt.jar;C:\Program Files\NetBeans 8.0.2\enterprise\modules\ext\metro\webservices-tools.jar" />
    <property name="libs.jpa2-persistence.javadoc" value="C:\Program Files\NetBeans 8.0.2\java\modules\ext\docs\javax.persistence-2.1.0-doc.zip" />
    <property name="libs.DataBindingME.javadoc" value="C:\Program Files\NetBeans 8.0.2\mobility\modules\docs\netbeans_databindingme-api.zip" />
    <property name="apple.laf.useScreenMenuBar" value="true" />
    <property name="java.class.path" value="C:\Users\Robin\Documents\NetBeansProjects\cansat-groundstation\Export\build\test\unit\classes;C:\Program Files\NetBeans 8.0.2\platform\modules\org-netbeans-libs-junit4.jar;C:\Users\Robin\Documents\NetBeansProjects\cansat-groundstation\build\cluster\modules\de-gt-export.jar;C:\Program Files\NetBeans 8.0.2\platform\modules\ext\junit-4.10.jar;C:\Program Files\NetBeans 8.0.2\java\modules\ext\junit-3.8.2.jar;C:\Users\Robin\Documents\NetBeansProjects\cansat-groundstation\build\cluster\modules\org-json.jar;C:\Users\Robin\Documents\NetBeansProjects\cansat-groundstation\JSON\release\modules\ext\json-20141113.jar;C:\Users\Robin\AppData\Roaming\NetBeans\8.0.2\ant\lib\ant-launcher.jar;C:\Users\Robin\AppData\Roaming\NetBeans\8.0.2\ant\lib\ant.jar;C:\Users\Robin\AppData\Roaming\NetBeans\8.0.2\ant\lib\ant-junit.jar;C:\Users\Robin\AppData\Roaming\NetBeans\8.0.2\ant\lib\ant-junit4.jar" />
    <property name="have-jdk-1.8" value="true" />
    <property name="have-jdk-1.7" value="true" />
    <property name="exists.test.unit.src.dir" value="true" />
    <property name="have-jdk-1.6" value="true" />
    <property name="libs.absolutelayout.src" value="" />
    <property name="have-jdk-1.5" value="true" />
    <property name="libs.jpa20-persistence.classpath" value="C:\Program Files\NetBeans 8.0.2\java\modules\ext\eclipselink\javax.persistence_2.1.0.v201304241213.jar" />
    <property name="have-jdk-1.4" value="true" />
    <property name="harness.dir" value="C:\Program Files\NetBeans 8.0.2/harness" />
    <property name="os.version" value="6.1" />
    <property name="libs.EclipseLink-GlassFish-v3.javadoc" value="C:\Program Files\NetBeans 8.0.2\enterprise\docs\javaee-doc-api.jar" />
    <property name="libs.javaee-api-7.0.maven-pom" value="" />
    <property name="sun.awt.enableExtraMouseButtons" value="true" />
    <property name="sun.desktop" value="windows" />
    <property name="libs.hibernate4-persistence.src" value="" />
    <property name="retouche.javac.impl" value="" />
    <property name="libs.hibernate4-support.maven-pom" value="" />
    <property name="libs.Comet-GlassFish-v3.src" value="" />
    <property name="libs.restlib.javadoc" value="" />
    <property name="libs.JAXB-ENDORSED.classpath" value="C:\Program Files\NetBeans 8.0.2\ide\modules\ext\jaxb\api\jaxb-api.jar" />
    <property name="libs.javaee-api-7.0.javadoc" value="C:\Program Files\NetBeans 8.0.2\enterprise\docs\javaee-doc-api.jar" />
    <property name="libs.eclipselink.classpath" value="C:\Program Files\NetBeans 8.0.2\java\modules\ext\eclipselink\eclipselink.jar;C:\Program Files\NetBeans 8.0.2\java\modules\ext\eclipselink\javax.persistence_2.1.0.v201304241213.jar;C:\Program Files\NetBeans 8.0.2\java\modules\ext\eclipselink\org.eclipse.persistence.jpa.jpql_2.5.2.v20140319-9ad6abd.jar" />
    <property name="java.awt.graphicsenv" value="sun.awt.Win32GraphicsEnvironment" />
    <property name="build.compiler.deprecation" value="true" />
    <property name="libs.beans-binding.javadoc" value="C:\Program Files\NetBeans 8.0.2\java\docs\beansbinding-1.2.1-doc.zip" />
    <property name="java.vm.vendor" value="Oracle Corporation" />
    <property name="libs.CopyLibs.classpath" value="C:\Program Files\NetBeans 8.0.2\java\ant\extra\org-netbeans-modules-java-j2seproject-copylibstask.jar" />
    <property name="ant.file.de.gt.export-impl" value="C:\Users\Robin\Documents\NetBeansProjects\cansat-groundstation\Export\nbproject\build-impl.xml" />
    <property name="libs.spring-framework300.classpath" value="C:\Program Files\NetBeans 8.0.2\ide\modules\org-apache-commons-logging.jar;C:\Program Files\NetBeans 8.0.2\java\modules\ext\cglib-2.2.jar;C:\Program Files\NetBeans 8.0.2\java\modules\ext\spring-3.0\spring-aop-3.2.7.RELEASE.jar;C:\Program Files\NetBeans 8.0.2\java\modules\ext\spring-3.0\spring-aspects-3.2.7.RELEASE.jar;C:\Program Files\NetBeans 8.0.2\java\modules\ext\spring-3.0\spring-beans-3.2.7.RELEASE.jar;C:\Program Files\NetBeans 8.0.2\java\modules\ext\spring-3.0\spring-build-src-3.2.7.RELEASE.jar;C:\Program Files\NetBeans 8.0.2\java\modules\ext\spring-3.0\spring-context-3.2.7.RELEASE.jar;C:\Program Files\NetBeans 8.0.2\java\modules\ext\spring-3.0\spring-context-support-3.2.7.RELEASE.jar;C:\Program Files\NetBeans 8.0.2\java\modules\ext\spring-3.0\spring-core-3.2.7.RELEASE.jar;C:\Program Files\NetBeans 8.0.2\java\modules\ext\spring-3.0\spring-expression-3.2.7.RELEASE.jar;C:\Program Files\NetBeans 8.0.2\java\modules\ext\spring-3.0\spring-framework-bom-3.2.7.RELEASE.jar;C:\Program Files\NetBeans 8.0.2\java\modules\ext\spring-3.0\spring-instrument-3.2.7.RELEASE.jar;C:\Program Files\NetBeans 8.0.2\java\modules\ext\spring-3.0\spring-instrument-tomcat-3.2.7.RELEASE.jar;C:\Program Files\NetBeans 8.0.2\java\modules\ext\spring-3.0\spring-jdbc-3.2.7.RELEASE.jar;C:\Program Files\NetBeans 8.0.2\java\modules\ext\spring-3.0\spring-jms-3.2.7.RELEASE.jar;C:\Program Files\NetBeans 8.0.2\java\modules\ext\spring-3.0\spring-orm-3.2.7.RELEASE.jar;C:\Program Files\NetBeans 8.0.2\java\modules\ext\spring-3.0\spring-oxm-3.2.7.RELEASE.jar;C:\Program Files\NetBeans 8.0.2\java\modules\ext\spring-3.0\spring-struts-3.2.7.RELEASE.jar;C:\Program Files\NetBeans 8.0.2\java\modules\ext\spring-3.0\spring-test-3.2.7.RELEASE.jar;C:\Program Files\NetBeans 8.0.2\java\modules\ext\spring-3.0\spring-tx-3.2.7.RELEASE.jar;C:\Program Files\NetBeans 8.0.2\java\modules\ext\spring-3.0\spring-web-3.2.7.RELEASE.jar;C:\Program Files\NetBeans 8.0.2\java\modules\ext\spring-3.0\spring-webmvc-3.2.7.RELEASE.jar;C:\Program Files\NetBeans 8.0.2\java\modules\ext\spring-3.0\spring-webmvc-portlet-3.2.7.RELEASE.jar" />
    <property name="module.jar.dir" value="modules" />
    <property name="libs.jsp-compiler.maven-pom" value="" />
    <property name="build.package.compress" value="false" />
    <property name="build.compiler.debuglevel" value="source,lines,vars" />
    <property name="libs.hibernate4-persistence.classpath" value="C:\Program Files\NetBeans 8.0.2\java\modules\ext\hibernate4\antlr-2.7.7.jar;C:\Program Files\NetBeans 8.0.2\java\modules\ext\hibernate4\c3p0-0.9.2.1.jar;C:\Program Files\NetBeans 8.0.2\java\modules\ext\hibernate4\hibernate-c3p0-4.3.1.Final.jar;C:\Program Files\NetBeans 8.0.2\java\modules\ext\hibernate4\mchange-commons-java-0.2.3.4.jar;C:\Program Files\NetBeans 8.0.2\java\modules\ext\hibernate4\dom4j-1.6.1.jar;C:\Program Files\NetBeans 8.0.2\java\modules\ext\hibernate4\ehcache-core-2.4.3.jar;C:\Program Files\NetBeans 8.0.2\java\modules\ext\hibernate4\hibernate-ehcache-4.3.1.Final.jar;C:\Program Files\NetBeans 8.0.2\java\modules\ext\hibernate4\hibernate-core-4.3.1.Final.jar;C:\Program Files\NetBeans 8.0.2\java\modules\ext\hibernate4\jboss-logging-3.1.3.GA.jar;C:\Program Files\NetBeans 8.0.2\java\modules\ext\hibernate4\hibernate-commons-annotations-4.0.4.Final.jar;C:\Program Files\NetBeans 8.0.2\java\modules\ext\hibernate4\hibernate-entitymanager-4.3.1.Final.jar;C:\Program Files\NetBeans 8.0.2\java\modules\ext\hibernate4\javassist-3.18.1-GA.jar;C:\Program Files\NetBeans 8.0.2\java\modules\ext\hibernate4\jboss-transaction-api_1.2_spec-1.0.0.Final.jar;C:\Program Files\NetBeans 8.0.2\java\modules\ext\hibernate4\slf4j-api-1.6.1.jar;C:\Program Files\NetBeans 8.0.2\java\modules\ext\hibernate4\slf4j-simple-1.6.1.jar;C:\Program Files\NetBeans 8.0.2\java\modules\ext\hibernate4\hibernate-jpa-2.1-api-1.0.0.Final.jar" />
    <property name="license.file" value="C:\Users\Robin\Documents\NetBeansProjects\cansat-groundstation\Export\build\no-license.txt" />
    <property name="libs.JAXB-ENDORSED.src" value="" />
    <property name="libs.testng.javadoc" value="C:\Program Files\NetBeans 8.0.2\platform\docs\testng-6.8.1-javadoc.zip" />
    <property name="libs.DataBindingME-PIM.src" value="C:\Program Files\NetBeans 8.0.2\mobility\sources\netbeans_databindingme_pim-src.zip" />
    <property name="user.script" value="" />
    <property name="libs.PostgreSQLDriver.classpath" value="C:\Program Files\NetBeans 8.0.2\ide\modules\ext\postgresql-9.2-1002.jdbc4.jar" />
    <property name="module.auto.deps.xml" value="C:\Users\Robin\Documents\NetBeansProjects\cansat-groundstation\Export\module-auto-deps.xml" />
    <property name="libs.jsf12.maven-pom" value="" />
    <property name="libs.hibernate4-persistencemodelgen.classpath" value="C:\Program Files\NetBeans 8.0.2\java\modules\ext\hibernate4\hibernate-jpamodelgen-4.3.1.Final.jar" />
    <property name="libs.junit.src" value="" />
    <property name="test.bootclasspath.prepend.args" value="-Dno.netbeans.bootclasspath.prepend.needed=true" />
    <property name="libs.CopyLibs.src" value="" />
    <property name="build.dir" value="C:\Users\Robin\Documents\NetBeansProjects\cansat-groundstation\Export\build" />
    <property name="libs.jsp-compilation.classpath" value="C:\Users\Robin\AppData\Roaming\NetBeans\8.0.2\ant\lib\ant.jar;C:\Program Files\NetBeans 8.0.2\enterprise\modules\ext\servlet3.1-jsp2.3-api.jar;C:\Program Files\NetBeans 8.0.2\enterprise\modules\ext\glassfish-jspparser-4.0.jar;C:\Program Files\NetBeans 8.0.2\enterprise\modules\ext\jsf-2_2\javax.faces.jar;C:\Program Files\NetBeans 8.0.2\enterprise\modules\ext\jstl-api.jar;C:\Users\Robin\AppData\Roaming\NetBeans\8.0.2\ant\lib\ant-launcher.jar" />
    <property name="module.jar.verifylinkageignores" value="" />
    <property name="module.jar" value="modules/de-gt-export.jar" />
    <property name="ant.version" value="Apache Ant(TM) version 1.9.4 compiled on April 29 2014" />
    <property name="file.encoding" value="Cp1252" />
    <property name="libs.spring-webmvc4.0.classpath" value="C:\Program Files\NetBeans 8.0.2\java\modules\ext\spring-4\spring-webmvc-4.0.1.RELEASE.jar" />
    <property name="nbm.is.preferredupdate" value="" />
    <property name="awt.toolkit" value="sun.awt.windows.WToolkit" />
    <property name="libs.javaee-web-api-7.0.javadoc" value="C:\Program Files\NetBeans 8.0.2\enterprise\docs\javaee-doc-api.jar" />
  </properties>
  <testcase classname="de.gt.export.JSONExportTest" name="testExportData" time="0.016" />
  <system-out><![CDATA[]]></system-out>
  <system-err><![CDATA[]]></system-err>
</testsuite>
